2018-10-18 16:29:40,366 : Key x pressed
2018-10-18 16:29:40,574 : Key x pressed
2018-10-18 16:29:40,750 : Key x pressed
2018-10-18 16:29:40,918 : Key x pressed
2018-10-18 16:29:41,118 : Key x pressed
2018-10-18 16:29:41,294 : Key x pressed
2018-10-18 16:29:41,486 : Key x pressed
2018-10-18 16:29:41,662 : Key x pressed
2018-10-18 16:29:41,862 : Key x pressed
2018-10-18 16:29:42,038 : String: xxxxxxxxxx
2018-10-18 16:29:42,054 : Key x pressed
2018-10-18 16:29:42,438 : Key x pressed
2018-10-18 16:29:42,750 : Key x pressed
2018-10-18 16:29:46,837 : Key x pressed
2018-10-18 16:29:47,013 : Key x pressed
2018-10-18 16:29:47,197 : Key x pressed
2018-10-18 16:29:47,373 : Key x pressed
2018-10-18 16:29:47,558 : Key x pressed
2018-10-18 16:29:47,733 : Key x pressed
2018-10-18 16:29:47,918 : Key x pressed
2018-10-18 16:29:56,925 : String: xxxxxxxxxp
2018-10-18 16:29:56,929 : Key p pressed
2018-10-18 16:29:57,093 : Key r pressed
2018-10-18 16:29:57,222 : Key i pressed
2018-10-18 16:29:57,350 : Key n pressed
2018-10-18 16:29:57,406 : Key t pressed
2018-10-18 16:29:57,662 : special key Key.shift pressed
2018-10-18 16:29:57,742 : Key 9 pressed
2018-10-18 16:29:58,286 : special key Key.right pressed
2018-10-18 16:29:58,785 : special key Key.right pressed
2018-10-18 16:29:58,818 : special key Key.right pressed
2018-10-18 16:29:58,851 : special key Key.right pressed
2018-10-18 16:29:58,884 : special key Key.right pressed
2018-10-18 16:29:58,917 : special key Key.right pressed
2018-10-18 16:29:58,950 : special key Key.right pressed
2018-10-18 16:29:58,983 : special key Key.right pressed
2018-10-18 16:29:59,016 : special key Key.right pressed
2018-10-18 16:29:59,049 : special key Key.right pressed
2018-10-18 16:29:59,082 : special key Key.right pressed
2018-10-18 16:29:59,115 : special key Key.right pressed
2018-10-18 16:29:59,148 : special key Key.right pressed
2018-10-18 16:29:59,181 : special key Key.right pressed
2018-10-18 16:29:59,214 : special key Key.right pressed
2018-10-18 16:29:59,247 : special key Key.right pressed
2018-10-18 16:29:59,280 : special key Key.right pressed
2018-10-18 16:29:59,313 : special key Key.right pressed
2018-10-18 16:29:59,346 : special key Key.right pressed
2018-10-18 16:29:59,742 : special key Key.left pressed
2018-10-18 16:29:59,918 : special key Key.left pressed
2018-10-18 16:30:00,262 : special key Key.left pressed
2018-10-18 16:30:00,742 : special key Key.shift pressed
2018-10-18 16:30:00,998 : Key 0 pressed
2018-10-18 16:30:03,934 : special key Key.esc pressed
2018-10-18 16:30:08,101 : special key Key.esc pressed
2018-10-18 16:30:13,525 : Key x pressed
2018-10-18 16:30:13,693 : Key x pressed
2018-10-18 16:30:13,861 : Key x pressed
2018-10-18 16:30:14,037 : Key x pressed
2018-10-18 16:30:14,213 : Key x pressed
2018-10-18 16:30:14,373 : Key x pressed
2018-10-18 16:30:14,541 : Key x pressed
2018-10-18 16:30:14,710 : Key x pressed
2018-10-18 16:30:14,886 : Key x pressed
2018-10-18 16:30:15,054 : String: xxxxxxxxxx
2018-10-18 16:30:15,062 : Key x pressed
2018-10-18 16:30:15,246 : Key x pressed
2018-10-18 16:30:16,822 : Key x pressed
2018-10-18 16:30:49,341 : special key Key.ctrl_l pressed
2018-10-18 16:30:49,445 : Key c pressed
2018-10-18 16:31:20,701 : Key s pressed
2018-10-18 16:31:20,813 : Key t pressed
2018-10-18 16:31:20,942 : Key o pressed
2018-10-18 16:31:21,061 : Key r pressed
2018-10-18 16:31:21,165 : Key e pressed
2018-10-18 16:31:21,285 : special key Key.space pressed
2018-10-18 16:31:21,733 : Key f pressed
2018-10-18 16:31:21,821 : String: xxcstorefi
2018-10-18 16:31:22,821 : special key 'i' pressed
2018-10-18 16:31:23,341 : Key i pressed
2018-10-18 16:31:23,573 : Key l pressed
2018-10-18 16:31:23,685 : Key e pressed
2018-10-18 16:31:23,765 : special key Key.space pressed
2018-10-18 16:31:26,446 : Key p pressed
2018-10-18 16:31:26,558 : Key y pressed
2018-10-18 16:31:26,782 : Key t pressed
2018-10-18 16:31:26,966 : Key h pressed
2018-10-18 16:31:27,062 : Key o pressed
2018-10-18 16:31:27,142 : Key n pressed
2018-10-18 16:31:27,294 : special key Key.space pressed
2018-10-18 16:31:27,430 : String: ilepythonf
2018-10-18 16:31:28,432 : special key 'f' pressed
2018-10-18 16:31:28,433 : Key p pressed
2018-10-18 16:31:29,270 : special key Key.down pressed
2018-10-18 16:31:30,773 : special key Key.down pressed
2018-10-18 16:31:31,054 : special key Key.enter pressed
2018-10-18 16:31:57,678 : special key Key.cmd pressed
2018-10-18 16:31:57,853 : special key Key.left pressed
2018-10-18 16:32:03,062 : special key Key.cmd pressed
2018-10-18 16:32:03,374 : special key Key.right pressed
2018-10-18 16:32:07,462 : special key Key.enter pressed
2018-10-18 16:32:10,629 : Key w pressed
2018-10-18 16:32:10,733 : Key i pressed
2018-10-18 16:32:10,845 : Key t pressed
2018-10-18 16:32:10,997 : Key h pressed
2018-10-18 16:32:11,005 : Key j pressed
2018-10-18 16:32:11,069 : special key Key.space pressed
2018-10-18 16:32:11,485 : special key Key.backspace pressed
2018-10-18 16:32:11,669 : special key Key.backspace pressed
2018-10-18 16:32:11,781 : special key Key.space pressed
2018-10-18 16:32:11,917 : Key o pressed
2018-10-18 16:32:12,085 : Key p pressed
2018-10-18 16:32:12,965 : special key Key.ctrl_l pressed
2018-10-18 16:32:13,085 : Key c pressed
2018-10-18 16:32:14,293 : special key Key.esc pressed
2018-10-18 16:33:43,357 : Key x pressed
2018-10-18 16:33:43,557 : Key x pressed
2018-10-18 16:33:43,749 : Key x pressed
2018-10-18 16:33:43,925 : Key x pressed
2018-10-18 16:33:44,117 : Key x pressed
2018-10-18 16:33:44,309 : Key x pressed
2018-10-18 16:33:44,526 : Key x pressed
2018-10-18 16:33:44,718 : Key x pressed
2018-10-18 16:33:44,942 : Key x pressed
2018-10-18 16:33:45,158 : String: xxxxxxxxxx
2018-10-18 16:33:45,185 : special key 'x' pressed
2018-10-18 16:34:13,821 : special key Key.shift pressed
2018-10-18 16:34:14,221 : Key - pressed
2018-10-18 16:34:14,397 : Key s pressed
2018-10-18 16:34:14,589 : Key e pressed
2018-10-18 16:34:14,709 : Key r pressed
2018-10-18 16:34:15,093 : special key Key.enter pressed
2018-10-18 16:34:15,525 : special key Key.ctrl_l pressed
2018-10-18 16:34:15,629 : Key s pressed
2018-10-18 16:36:03,869 : Key f pressed
2018-10-18 16:36:04,149 : Key t pressed
2018-10-18 16:36:04,526 : Key p pressed
2018-10-18 16:36:04,654 : special key Key.space pressed
2018-10-18 16:36:04,838 : Key l pressed
2018-10-18 16:36:05,134 : special key Key.backspace pressed
2018-10-18 16:36:05,334 : special key Key.backspace pressed
2018-10-18 16:36:05,414 : String: -sersftpll
2018-10-18 16:36:06,414 : special key 'l' pressed
2018-10-18 16:36:06,414 : Key b pressed
2018-10-18 16:36:06,414 : special key Key.space pressed
2018-10-18 16:36:06,758 : special key Key.space pressed
2018-10-18 16:36:07,142 : special key Key.backspace pressed
2018-10-18 16:36:07,254 : Key c pressed
2018-10-18 16:36:07,518 : Key r pressed
2018-10-18 16:36:07,622 : Key e pressed
2018-10-18 16:36:07,838 : Key a pressed
2018-10-18 16:36:08,294 : Key t pressed
2018-10-18 16:36:08,406 : Key e pressed
2018-10-18 16:36:08,542 : special key Key.space pressed
2018-10-18 16:36:08,702 : Key f pressed
2018-10-18 16:36:08,822 : Key i pressed
2018-10-18 16:36:09,046 : String: bcreatefil
2018-10-18 16:36:10,047 : special key 'l' pressed
2018-10-18 16:36:10,047 : special key Key.enter pressed
2018-10-18 16:36:30,678 : special key Key.esc pressed
2018-10-18 16:41:48,854 : special key Key.ctrl_l pressed
2018-10-18 16:41:49,030 : Key c pressed
2018-10-18 16:41:49,382 : special key Key.up pressed
2018-10-18 16:41:50,678 : special key Key.enter pressed
2018-10-18 16:41:54,230 : Key x pressed
2018-10-18 16:41:54,494 : Key x pressed
2018-10-18 16:41:54,790 : Key x pressed
2018-10-18 16:41:55,022 : Key x pressed
2018-10-18 16:41:55,238 : Key x pressed
2018-10-18 16:41:55,462 : Key x pressed
2018-10-18 16:41:55,742 : Key x pressed
2018-10-18 16:41:56,190 : Key x pressed
2018-10-18 16:41:56,854 : String: cxxxxxxxxx
2018-10-18 16:41:56,882 : special key 'x' pressed
2018-10-18 16:41:59,782 : Key x pressed
2018-10-18 16:42:00,030 : Key x pressed
2018-10-18 16:42:00,254 : Key x pressed
2018-10-18 16:42:00,454 : Key x pressed
2018-10-18 16:42:00,710 : special key Key.ctrl_l pressed
2018-10-18 16:42:00,870 : Key c pressed
2018-10-18 16:42:01,894 : special key Key.ctrl_l pressed
2018-10-18 16:42:01,998 : Key c pressed
2018-10-18 16:42:02,614 : special key Key.esc pressed
2018-10-18 16:43:01,422 : Key x pressed
2018-10-18 16:43:01,614 : Key x pressed
2018-10-18 16:43:01,806 : Key x pressed
2018-10-18 16:43:01,998 : Key x pressed
2018-10-18 16:43:02,190 : Key x pressed
2018-10-18 16:43:02,406 : Key x pressed
2018-10-18 16:43:02,686 : Key x pressed
2018-10-18 16:43:02,933 : Key x pressed
2018-10-18 16:43:03,253 : Key x pressed
2018-10-18 16:43:03,573 : String: xxxxxxxxxx
2018-10-18 16:43:03,605 : special key 'x' pressed
2018-10-18 16:43:20,614 : special key Key.delete pressed
2018-10-18 16:43:20,790 : special key Key.delete pressed
2018-10-18 16:43:20,933 : special key Key.delete pressed
2018-10-18 16:43:21,054 : special key Key.delete pressed
2018-10-18 16:43:21,198 : special key Key.delete pressed
2018-10-18 16:43:21,926 : Key k pressed
2018-10-18 16:43:22,102 : Key e pressed
2018-10-18 16:43:22,247 : Key y pressed
2018-10-18 16:43:22,446 : Key l pressed
2018-10-18 16:43:22,646 : Key o pressed
2018-10-18 16:43:22,758 : Key g pressed
2018-10-18 16:43:22,918 : Key . pressed
2018-10-18 16:43:23,230 : Key l pressed
2018-10-18 16:43:23,382 : Key o pressed
2018-10-18 16:43:23,470 : String: keylog.log
2018-10-18 16:43:24,471 : special key 'g' pressed
2018-10-18 16:43:29,966 : special key Key.ctrl_l pressed
2018-10-18 16:43:30,110 : Key c pressed
2018-10-18 16:43:30,318 : Key c pressed
2018-10-18 16:43:30,694 : special key Key.up pressed
2018-10-18 16:43:31,166 : special key Key.enter pressed
2018-10-18 16:43:33,702 : special key Key.up pressed
2018-10-18 16:43:34,310 : special key Key.ctrl_l pressed
2018-10-18 16:43:34,358 : Key c pressed
2018-10-18 16:43:34,574 : Key c pressed
2018-10-18 16:43:34,726 : Key c pressed
2018-10-18 16:43:34,886 : Key c pressed
2018-10-18 16:43:35,286 : special key Key.esc pressed
2018-10-18 16:43:42,094 : Key x pressed
2018-10-18 16:43:42,342 : Key x pressed
2018-10-18 16:43:42,654 : Key x pressed
2018-10-18 16:43:42,990 : Key x pressed
2018-10-18 16:43:43,398 : Key x pressed
2018-10-18 16:43:43,870 : Key x pressed
2018-10-18 16:43:44,230 : Key x pressed
2018-10-18 16:43:44,550 : Key x pressed
2018-10-18 16:43:44,854 : Key x pressed
2018-10-18 16:43:45,166 : String: xxxxxxxxxx
2018-10-18 16:43:45,198 : special key 'x' pressed
2018-10-18 16:51:01,719 : special key Key.esc pressed
2018-10-18 16:56:04,839 : Key x pressed
2018-10-18 16:56:05,286 : String: xx
2018-10-18 16:56:05,301 : special key 'x' pressed
2018-10-18 16:56:06,094 : Key x pressed
2018-10-18 16:56:06,718 : String: xx
2018-10-18 16:56:06,722 : special key 'x' pressed
2018-10-18 16:58:12,334 : Key l pressed
2018-10-18 16:58:12,382 : String: lo
2018-10-18 16:58:12,386 : special key 'o' pressed
2018-10-18 16:58:12,518 : Key g pressed
2018-10-18 16:58:13,071 : special key Key.right pressed
2018-10-18 16:58:13,279 : special key Key.right pressed
2018-10-18 16:58:14,047 : special key Key.delete pressed
2018-10-18 16:58:14,095 : special key Key.shift pressed
2018-10-18 16:58:14,183 : String: gr
2018-10-18 16:58:14,187 : special key 'r' pressed
2018-10-18 16:58:15,263 : special key Key.ctrl_l pressed
2018-10-18 16:58:15,391 : Key s pressed
2018-10-18 16:58:16,487 : special key Key.ctrl_l pressed
2018-10-18 16:58:16,559 : String: sc
2018-10-18 16:58:16,562 : special key 'c' pressed
2018-10-18 16:58:17,063 : Key c pressed
2018-10-18 16:58:17,287 : String: cc
2018-10-18 16:58:18,287 : special key 'c' pressed
2018-10-18 16:58:20,655 : special key Key.esc pressed
2018-10-18 16:58:35,871 : Key x pressed
2018-10-18 16:58:36,095 : String: xx
2018-10-18 16:58:36,111 : special key 'x' pressed
2018-10-18 16:58:41,510 : special key Key.ctrl_l pressed
2018-10-18 16:58:41,662 : Key c pressed
2018-10-18 16:58:41,958 : String: cc
2018-10-18 16:58:42,959 : special key 'c' pressed
2018-10-18 16:58:47,630 : Key c pressed
2018-10-18 16:58:48,303 : String: cl
2018-10-18 16:58:49,304 : special key 'l' pressed
2018-10-18 16:58:49,305 : Key r pressed
2018-10-18 16:58:49,305 : special key Key.enter pressed
2018-10-18 16:58:52,975 : special key Key.esc pressed
2018-10-18 16:59:30,135 : Key x pressed
2018-10-18 16:59:30,671 : String: xx
2018-10-18 16:59:30,699 : special key 'x' pressed
2018-10-18 16:59:52,710 : special key Key.ctrl_l pressed
2018-10-18 16:59:52,839 : Key c pressed
2018-10-18 17:00:00,943 : String: cf
2018-10-18 17:00:01,943 : special key 'f' pressed
2018-10-18 17:00:01,944 : special key Key.space pressed
2018-10-18 17:00:01,944 : Key g pressed
2018-10-18 17:00:01,945 : String: ge
2018-10-18 17:00:02,945 : special key 'e' pressed
2018-10-18 17:00:02,945 : special key Key.space pressed
2018-10-18 17:00:03,111 : Key c pressed
2018-10-18 17:00:03,271 : String: cu
2018-10-18 17:00:04,271 : special key 'u' pressed
2018-10-18 17:00:04,607 : special key Key.enter pressed
2018-10-18 17:00:34,983 : special key Key.shift pressed
2018-10-18 17:00:35,231 : Key - pressed
2018-10-18 17:00:35,375 : String: --
2018-10-18 17:00:36,376 : special key '-' pressed
2018-10-18 17:00:36,863 : Key r pressed
2018-10-18 17:00:36,879 : String: ri
2018-10-18 17:00:37,880 : special key 'i' pressed
2018-10-18 17:00:37,881 : special key Key.backspace pressed
2018-10-18 17:00:37,881 : special key Key.backspace pressed
2018-10-18 17:00:38,639 : Key d pressed
2018-10-18 17:00:38,783 : String: di
2018-10-18 17:00:39,784 : special key 'i' pressed
2018-10-18 17:00:39,879 : Key n pressed
2018-10-18 17:00:40,143 : String: na
2018-10-18 17:00:41,144 : special key 'a' pressed
2018-10-18 17:00:41,144 : Key e pressed
2018-10-18 17:00:46,519 : special key Key.esc pressed
2018-10-18 17:01:33,583 : Key x pressed
2018-10-18 17:01:34,087 : String: xx
2018-10-18 17:01:34,115 : special key 'x' pressed
2018-10-18 17:02:10,023 : Key f pressed
2018-10-18 17:02:10,239 : String: ft
2018-10-18 17:02:10,252 : special key 't' pressed
2018-10-18 17:02:10,375 : Key p pressed
2018-10-18 17:02:10,583 : String: p-
2018-10-18 17:02:10,596 : special key '-' pressed
2018-10-18 17:02:10,775 : Key s pressed
2018-10-18 17:02:11,423 : String: sr
2018-10-18 17:02:11,437 : special key 'r' pressed
2018-10-18 17:02:11,719 : Key v pressed
2018-10-18 17:02:11,902 : special key Key.space pressed
2018-10-18 17:02:12,550 : String: vn
2018-10-18 17:02:12,563 : special key 'n' pressed
2018-10-18 17:02:12,686 : Key o pressed
2018-10-18 17:02:13,927 : String: od
2018-10-18 17:02:13,938 : special key 'd' pressed
2018-10-18 17:02:14,030 : Key e pressed
2018-10-18 17:02:14,167 : special key Key.space pressed
2018-10-18 17:02:14,767 : String: es
2018-10-18 17:02:14,778 : special key 's' pressed
2018-10-18 17:02:14,895 : Key o pressed
2018-10-18 17:02:15,014 : String: oc
2018-10-18 17:02:15,026 : special key 'c' pressed
2018-10-18 17:02:15,159 : Key k pressed
2018-10-18 17:02:15,303 : String: ke
2018-10-18 17:02:15,317 : special key 'e' pressed
2018-10-18 17:02:15,470 : Key t pressed
2018-10-18 17:02:15,598 : special key Key.space pressed
2018-10-18 17:02:15,727 : String: tn
2018-10-18 17:02:15,738 : special key 'n' pressed
2018-10-18 17:02:15,870 : Key o pressed
2018-10-18 17:02:15,951 : String: ot
2018-10-18 17:02:15,964 : special key 't' pressed
2018-10-18 17:02:16,038 : special key Key.space pressed
2018-10-18 17:02:16,271 : Key w pressed
2018-10-18 17:02:16,454 : String: wr
2018-10-18 17:02:16,465 : special key 'r' pressed
2018-10-18 17:02:16,678 : Key i pressed
2018-10-18 17:02:16,790 : String: it
2018-10-18 17:02:16,803 : special key 't' pressed
2018-10-18 17:02:17,182 : Key a pressed
2018-10-18 17:02:17,358 : String: ab
2018-10-18 17:02:17,369 : special key 'b' pressed
2018-10-18 17:02:17,454 : Key l pressed
2018-10-18 17:02:17,550 : String: le
2018-10-18 17:02:17,562 : special key 'e' pressed
2018-10-18 17:02:17,631 : special key Key.enter pressed
2018-10-18 17:04:11,839 : special key Key.delete pressed
2018-10-18 17:05:05,527 : special key Key.backspace pressed
2018-10-18 17:05:05,951 : special key Key.enter pressed
